<?xml version="1.0" encoding="UTF-8"?>
<!-- Generated by org.testng.reporters.JUnitReportReporter -->
<testsuite hostname="pc" name="com.intellisqa.app.AppTest" tests="1" failures="0" timestamp="3 Jul 2014 09:31:25 GMT" time="0.002" errors="0">
  <testcase name="testApp" time="0.002" classname="com.intellisqa.app.AppTest"/>
</testsuite> <!-- com.intellisqa.app.AppTest -->
