<?xml version="1.0" encoding="UTF-8"?>
<!-- Generated by org.testng.reporters.JUnitReportReporter -->
<testsuite hostname="pc" name="com.intellisqa.app.AppTest" tests="1" failures="1" timestamp="3 Jul 2014 11:59:33 GMT" time="1.390" errors="0">
  <testcase name="testSignup" time="1.390" classname="com.intellisqa.app.AppTest">
    <failure type="org.openqa.selenium.InvalidElementStateException" message="{&quot;errorMessage&quot;:&quot;Element is not currently interactable and may not be manipulated&quot;,&quot;request&quot;:{&quot;headers&quot;:{&quot;Accept&quot;:&quot;application/json, image/png&quot;,&quot;Connection&quot;:&quot;Keep-Alive&quot;,&quot;Content-Length&quot;:&quot;27&quot;,&quot;Content-Type&quot;:&quot;application/json; charset=utf-8&quot;,&quot;Host&quot;:&quot;localhost:16366&quot;},&quot;httpVersion&quot;:&quot;1.1&quot;,&quot;method&quot;:&quot;POST&quot;,&quot;post&quot;:&quot;{\&quot;id\&quot;:\&quot;:wdc:1404388769865\&quot;}&quot;,&quot;url&quot;:&quot;/clear&quot;,&quot;urlParsed&quot;:{&quot;anchor&quot;:&quot;&quot;,&quot;query&quot;:&quot;&quot;,&quot;file&quot;:&quot;clear&quot;,&quot;directory&quot;:&quot;/&quot;,&quot;path&quot;:&quot;/clear&quot;,&quot;relative&quot;:&quot;/clear&quot;,&quot;port&quot;:&quot;&quot;,&quot;host&quot;:&quot;&quot;,&quot;password&quot;:&quot;&quot;,&quot;user&quot;:&quot;&quot;,&quot;userInfo&quot;:&quot;&quot;,&quot;authority&quot;:&quot;&quot;,&quot;protocol&quot;:&quot;&quot;,&quot;source&quot;:&quot;/clear&quot;,&quot;queryKey&quot;:{},&quot;chunks&quot;:[&quot;clear&quot;]},&quot;urlOriginal&quot;:&quot;/session/7003e6f0-02a9-11e4-bdb2-c3ce30ae47a3/element/%3Awdc%3A1404388769865/clear&quot;}}
Command duration or timeout: 665 milliseconds
Build info: version: &#039;2.41.0&#039;, revision: &#039;3192d8a6c4449dc285928ba024779344f5423c58&#039;, time: &#039;2014-03-27 11:29:39&#039;
System info: host: &#039;pc&#039;, ip: &#039;192.168.56.1&#039;, os.name: &#039;Windows 8&#039;, os.arch: &#039;x86&#039;, os.version: &#039;6.2&#039;, java.version: &#039;1.7.0_51&#039;
Session ID: 7003e6f0-02a9-11e4-bdb2-c3ce30ae47a3
Driver info: org.openqa.selenium.phantomjs.PhantomJSDriver
Capabilities [{platform=XP, acceptSslCerts=false, javascriptEnabled=true, browserName=phantomjs, rotatable=false, driverVersion=1.1.0, locationContextEnabled=false, version=1.9.7, cssSelectorsEnabled=true, databaseEnabled=false, handlesAlerts=false, browserConnectionEnabled=false, webStorageEnabled=false, nativeEvents=true, proxy={proxyType=direct}, applicationCacheEnabled=false, driverName=ghostdriver, takesScreenshot=true}]">
      <![CDATA[org.openqa.selenium.InvalidElementStateException: {"errorMessage":"Element is not currently interactable and may not be manipulated","request":{"headers":{"Accept":"application/json, image/png","Connection":"Keep-Alive","Content-Length":"27","Content-Type":"application/json; charset=utf-8","Host":"localhost:16366"},"httpVersion":"1.1","method":"POST","post":"{\"id\":\":wdc:1404388769865\"}","url":"/clear","urlParsed":{"anchor":"","query":"","file":"clear","directory":"/","path":"/clear","relative":"/clear","port":"","host":"","password":"","user":"","userInfo":"","authority":"","protocol":"","source":"/clear","queryKey":{},"chunks":["clear"]},"urlOriginal":"/session/7003e6f0-02a9-11e4-bdb2-c3ce30ae47a3/element/%3Awdc%3A1404388769865/clear"}}
Command duration or timeout: 665 milliseconds
Build info: version: '2.41.0', revision: '3192d8a6c4449dc285928ba024779344f5423c58', time: '2014-03-27 11:29:39'
System info: host: 'pc', ip: '192.168.56.1', os.name: 'Windows 8', os.arch: 'x86', os.version: '6.2', java.version: '1.7.0_51'
Session ID: 7003e6f0-02a9-11e4-bdb2-c3ce30ae47a3
Driver info: org.openqa.selenium.phantomjs.PhantomJSDriver
Capabilities [{platform=XP, acceptSslCerts=false, javascriptEnabled=true, browserName=phantomjs, rotatable=false, driverVersion=1.1.0, locationContextEnabled=false, version=1.9.7, cssSelectorsEnabled=true, databaseEnabled=false, handlesAlerts=false, browserConnectionEnabled=false, webStorageEnabled=false, nativeEvents=true, proxy={proxyType=direct}, applicationCacheEnabled=false, driverName=ghostdriver, takesScreenshot=true}]
	at sun.reflect.NativeConstructorAccessorImpl.newInstance0(Native Method)
	at sun.reflect.NativeConstructorAccessorImpl.newInstance(Unknown Source)
	at sun.reflect.DelegatingConstructorAccessorImpl.newInstance(Unknown Source)
	at java.lang.reflect.Constructor.newInstance(Unknown Source)
	at org.openqa.selenium.remote.ErrorHandler.createThrowable(ErrorHandler.java:193)
	at org.openqa.selenium.remote.ErrorHandler.throwIfResponseFailed(ErrorHandler.java:145)
	at org.openqa.selenium.remote.RemoteWebDriver.execute(RemoteWebDriver.java:595)
	at org.openqa.selenium.remote.RemoteWebElement.execute(RemoteWebElement.java:268)
	at org.openqa.selenium.remote.RemoteWebElement.clear(RemoteWebElement.java:113)
	at com.intellisqa.app.AppTest.testSignup(AppTest.java:47)
	at sun.reflect.NativeMethodAccessorImpl.invoke0(Native Method)
	at sun.reflect.NativeMethodAccessorImpl.invoke(Unknown Source)
	at sun.reflect.DelegatingMethodAccessorImpl.invoke(Unknown Source)
	at java.lang.reflect.Method.invoke(Unknown Source)
	at org.testng.internal.MethodInvocationHelper.invokeMethod(MethodInvocationHelper.java:84)
	at org.testng.internal.Invoker.invokeMethod(Invoker.java:714)
	at org.testng.internal.Invoker.invokeTestMethod(Invoker.java:901)
	at org.testng.internal.Invoker.invokeTestMethods(Invoker.java:1231)
	at org.testng.internal.TestMethodWorker.invokeTestMethods(TestMethodWorker.java:127)
	at org.testng.internal.TestMethodWorker.run(TestMethodWorker.java:111)
	at org.testng.TestRunner.privateRun(TestRunner.java:767)
	at org.testng.TestRunner.run(TestRunner.java:617)
	at org.testng.SuiteRunner.runTest(SuiteRunner.java:334)
	at org.testng.SuiteRunner.runSequentially(SuiteRunner.java:329)
	at org.testng.SuiteRunner.privateRun(SuiteRunner.java:291)
	at org.testng.SuiteRunner.run(SuiteRunner.java:240)
	at org.testng.SuiteRunnerWorker.runSuite(SuiteRunnerWorker.java:52)
	at org.testng.SuiteRunnerWorker.run(SuiteRunnerWorker.java:86)
	at org.testng.TestNG.runSuitesSequentially(TestNG.java:1224)
	at org.testng.TestNG.runSuitesLocally(TestNG.java:1149)
	at org.testng.TestNG.run(TestNG.java:1057)
	at org.testng.remote.RemoteTestNG.run(RemoteTestNG.java:111)
	at org.testng.remote.RemoteTestNG.initAndRun(RemoteTestNG.java:204)
	at org.testng.remote.RemoteTestNG.main(RemoteTestNG.java:175)
Caused by: org.openqa.selenium.remote.ScreenshotException: Screen shot has been taken
Build info: version: '2.41.0', revision: '3192d8a6c4449dc285928ba024779344f5423c58', time: '2014-03-27 11:29:39'
System info: host: 'pc', ip: '192.168.56.1', os.name: 'Windows 8', os.arch: 'x86', os.version: '6.2', java.version: '1.7.0_51'
Driver info: driver.version: RemoteWebDriver
	at org.openqa.selenium.remote.ErrorHandler.throwIfResponseFailed(ErrorHandler.java:125)
	... 28 more
Caused by: org.openqa.selenium.remote.ErrorHandler$UnknownServerException: {"errorMessage":"Element is not currently interactable and may not be manipulated","request":{"headers":{"Accept":"application/json, image/png","Connection":"Keep-Alive","Content-Length":"27","Content-Type":"application/json; charset=utf-8","Host":"localhost:16366"},"httpVersion":"1.1","method":"POST","post":"{\"id\":\":wdc:1404388769865\"}","url":"/clear","urlParsed":{"anchor":"","query":"","file":"clear","directory":"/","path":"/clear","relative":"/clear","port":"","host":"","password":"","user":"","userInfo":"","authority":"","protocol":"","source":"/clear","queryKey":{},"chunks":["clear"]},"urlOriginal":"/session/7003e6f0-02a9-11e4-bdb2-c3ce30ae47a3/element/%3Awdc%3A1404388769865/clear"}}
Build info: version: '2.41.0', revision: '3192d8a6c4449dc285928ba024779344f5423c58', time: '2014-03-27 11:29:39'
System info: host: 'pc', ip: '192.168.56.1', os.name: 'Windows 8', os.arch: 'x86', os.version: '6.2', java.version: '1.7.0_51'
Driver info: driver.version: unknown
]]>
    </failure>
  </testcase> <!-- testSignup -->
</testsuite> <!-- com.intellisqa.app.AppTest -->
